Arguments: 
  C:\Program Files\nodejs\node.exe C:\Users\Aziz\AppData\Roaming\npm\node_modules\yarn\bin\yarn.js add babel-plugin-import --dev

PATH: 
  C:\Python310\Scripts\;C:\Python310\;C:\Program Files (x86)\Intel\iCLS Client\;C:\Program Files\Intel\iCLS Client\;C:\Program Files\Common Files\Oracle\Java\javapath;C:\Program Files\Java\jdk1.8.0_202\bin;C:\aspectj1.9\bin;C:\Program Files\apache-maven-3.8.6\bin;C:\Program Files\Java\jdk-17.0.4.1\bin;C:\Program Files\Intel\Intel(R) Management Engine Components\DAL;C:\Program Files\Intel\Intel(R) Management Engine Components\IPT;C:\Program Files (x86)\Intel\Intel(R) Management Engine Components\DAL;C:\Program Files (x86)\Intel\Intel(R) Management Engine Components\IPT;C:\Program Files\PuTTY\;C:\ProgramData\chocolatey\bin;C:\Users\Aziz\AppData\Roaming\nvm;C:\Program Files\nodejs;C:\Program Files\Erlang OTP;C:\OpenSSH-Win64;C:\Program Files (x86)\Windows Kits\10\Windows Performance Toolkit\;C:\Program Files\nodejs\;C:\Users\Aziz\AppData\Local\Programs\MiKTeX\miktex\bin\x64\;C:\Users\Aziz\AppData\Local\Programs\Microsoft VS Code\bin;C:\Program Files\Erlang OTP\bin;C:\Users\Aziz\AppData\Roaming\npm

Yarn version: 
  1.22.19

Node version: 
  14.21.2

Platform: 
  win32 x64

Trace: 
  Error: EPERM: operation not permitted, unlink 'C:\Users\Aziz\Desktop\maylisa_educ\maylisa_educ_website\node_modules\node-sass\vendor\win32-x64-83\binding.node'

npm manifest: 
  {
    "name": "my-app",
    "scripts": {
      "dev": "nuxt dev",
      "build": "nuxt build",
      "generate": "nuxt generate",
      "start": "nuxt start"
    },
    "dependencies": {
      "ant-design-vue": "^1.7.4",
      "nuxt": "^2.15.8",
      "nuxt-bus": "^0.9.3",
      "nuxt-i18n": "^6.28.1",
      "sass": "^1.57.1",
      "vue": "^2.7.14"
    },
    "devDependencies": {
      "@nuxtjs/sitemap": "^2.4.0",
      "antd-theme-generator": "^1.2.6",
      "js-cookie": "^3.0.1",
      "less": "^3.0.0",
      "less-loader": "^5.0.0",
      "node-sass": "^4.14.1",
      "sass-loader": "^7.3.1"
    }
  }

yarn manifest: 
  No manifest

Lockfile: 
  No lockfile
